[    0.000000] Initializing cgroup subsys cpuset
[    0.000000] Initializing cgroup subsys cpu
[    0.000000] Initializing cgroup subsys cpuacct
[    0.000000] Linux version 4.4.0-210-generic (buildd@lgw01-amd64-009) (gcc version 5.4.0 20160609 (Ubuntu 5.4.0-6ubuntu1~16.04.12) ) #242-Ubuntu SMP Fri Apr 16 09:57:56 UTC 2021 (Ubuntu 4.4.0-210.242-generic 4.4.262)
[    0.000000] Command line: BOOT_IMAGE=/boot/vmlinuz-4.4.0-210-generic root=UUID=ce38f626-b02a-496e-9acf-8cacdd6a07eb ro console=tty1 console=ttyS0
[    0.000000] KERNEL supported cpus:
[    0.000000]   Intel GenuineIntel
[    0.000000]   AMD AuthenticAMD
[    0.000000]   Centaur CentaurHauls
[    0.000000] x86/fpu: xstate_offset[2]:  576, xstate_sizes[2]:  256
[    0.000000] x86/fpu: Supporting XSAVE feature 0x01: 'x87 floating point registers'
[    0.000000] x86/fpu: Supporting XSAVE feature 0x02: 'SSE registers'
[    0.000000] x86/fpu: Supporting XSAVE feature 0x04: 'AVX registers'
[    0.000000] x86/fpu: Enabled xstate features 0x7, context size is 832 bytes, using 'standard' format.
[    0.000000] e820: BIOS-provided physical RAM map:
[    0.000000] BIOS-e820: [mem 0x0000000000000000-0x000000000009fbff] usable
[    0.000000] BIOS-e820: [mem 0x000000000009fc00-0x000000000009ffff] reserved
[    0.000000] BIOS-e820: [mem 0x00000000000f0000-0x00000000000fffff] reserved
[    0.000000] BIOS-e820: [mem 0x0000000000100000-0x000000003ffeffff] usable
[    0.000000] BIOS-e820: [mem 0x000000003fff0000-0x000000003fffffff] ACPI data
[    0.000000] BIOS-e820: [mem 0x00000000fec00000-0x00000000fec00fff] reserved
[    0.000000] BIOS-e820: [mem 0x00000000fee00000-0x00000000fee00fff] reserved
[    0.000000] BIOS-e820: [mem 0x00000000fffc0000-0x00000000ffffffff] reserved
[    0.000000] NX (Execute Disable) protection: active
[    0.000000] SMBIOS 2.5 present.
[    0.000000] Hypervisor detected: KVM
[    0.000000] e820: last_pfn = 0x3fff0 max_arch_pfn = 0x400000000
[    0.000000] MTRR: Disabled
[    0.000000] x86/PAT: MTRRs disabled, skipping PAT initialization too.
[    0.000000] CPU MTRRs all blank - virtualized system.
[    0.000000] x86/PAT: Configuration [0-7]: WB  WT  UC- UC  WB  WT  UC- UC  
[    0.000000] found SMP MP-table at [mem 0x0009fff0-0x0009ffff] mapped at [ffff88000009fff0]
[    0.000000] Scanning 1 areas for low memory corruption
[    0.000000] RAMDISK: [mem 0x362de000-0x37166fff]
[    0.000000] ACPI: Early table checksum verification disabled
[    0.000000] ACPI: RSDP 0x00000000000E0000 000024 (v02 VBOX  )
[    0.000000] ACPI: XSDT 0x000000003FFF0030 00003C (v01 VBOX   VBOXXSDT 00000001 ASL  00000061)
[    0.000000] ACPI: FACP 0x000000003FFF00F0 0000F4 (v04 VBOX   VBOXFACP 00000001 ASL  00000061)
[    0.000000] ACPI: DSDT 0x000000003FFF0470 002325 (v02 VBOX   VBOXBIOS 00000002 INTL 20100528)
[    0.000000] ACPI: FACS 0x000000003FFF0200 000040
[    0.000000] ACPI: FACS 0x000000003FFF0200 000040
[    0.000000] ACPI: APIC 0x000000003FFF0240 00005C (v02 VBOX   VBOXAPIC 00000001 ASL  00000061)
[    0.000000] ACPI: SSDT 0x000000003FFF02A0 0001CC (v01 VBOX   VBOXCPUT 00000002 INTL 20100528)
[    0.000000] No NUMA configuration found
[    0.000000] Faking a node at [mem 0x0000000000000000-0x000000003ffeffff]
[    0.000000] NODE_DATA(0) allocated [mem 0x3ffeb000-0x3ffeffff]
[    0.000000] kvm-clock: Using msrs 4b564d01 and 4b564d00
[    0.000000] kvm-clock: cpu 0, msr 0:3ffe3001, primary cpu clock
[    0.000000] kvm-clock: using sched offset of 4398879128 cycles
[    0.000000] clocksource: kvm-clock: mask: 0xffffffffffffffff max_cycles: 0x1cd42e4dffb, max_idle_ns: 881590591483 ns
[    0.000000] Zone ranges:
[    0.000000]   DMA      [mem 0x0000000000001000-0x0000000000ffffff]
[    0.000000]   DMA32    [mem 0x0000000001000000-0x000000003ffeffff]
[    0.000000]   Normal   empty
[    0.000000]   Device   empty
[    0.000000] Movable zone start for each node
[    0.000000] Early memory node ranges
[    0.000000]   node   0: [mem 0x0000000000001000-0x000000000009efff]
[    0.000000]   node   0: [mem 0x0000000000100000-0x000000003ffeffff]
[    0.000000] Initmem setup node 0 [mem 0x0000000000001000-0x000000003ffeffff]
[    0.000000] ACPI: PM-Timer IO Port: 0x4008
[    0.000000] IOAPIC[0]: apic_id 2, version 32, address 0xfec00000, GSI 0-23
[    0.000000] ACPI: INT_SRC_OVR (bus 0 bus_irq 0 global_irq 2 dfl dfl)
[    0.000000] ACPI: INT_SRC_OVR (bus 0 bus_irq 9 global_irq 9 low level)
[    0.000000] Using ACPI (MADT) for SMP configuration information
[    0.000000] smpboot: Allowing 2 CPUs, 0 hotplug CPUs
[    0.000000] PM: Registered nosave memory: [mem 0x00000000-0x00000fff]
[    0.000000] PM: Registered nosave memory: [mem 0x0009f000-0x0009ffff]
[    0.000000] PM: Registered nosave memory: [mem 0x000a0000-0x000effff]
[    0.000000] PM: Registered nosave memory: [mem 0x000f0000-0x000fffff]
[    0.000000] e820: [mem 0x40000000-0xfebfffff] available for PCI devices
[    0.000000] Booting paravirtualized kernel on KVM
[    0.000000] clocksource: refined-jiffies: mask: 0xffffffff max_cycles: 0xffffffff, max_idle_ns: 7645519600211568 ns
[    0.000000] setup_percpu: NR_CPUS:512 nr_cpumask_bits:512 nr_cpu_ids:2 nr_node_ids:1
[    0.000000] PERCPU: Embedded 33 pages/cpu @ffff88003fc00000 s95192 r8192 d31784 u1048576
[    0.000000] Built 1 zonelists in Node order, mobility grouping on.  Total pages: 257912
[    0.000000] Policy zone: DMA32
[    0.000000] Kernel command line: BOOT_IMAGE=/boot/vmlinuz-4.4.0-210-generic root=UUID=ce38f626-b02a-496e-9acf-8cacdd6a07eb ro console=tty1 console=ttyS0
[    0.000000] PID hash table entries: 4096 (order: 3, 32768 bytes)
[    0.000000] Memory: 997796K/1048120K available (8644K kernel code, 1332K rwdata, 4044K rodata, 1492K init, 1164K bss, 50324K reserved, 0K cma-reserved)
[    0.000000] SLUB: HWalign=64, Order=0-3, MinObjects=0, CPUs=2, Nodes=1
[    0.000000] Kernel/User page tables isolation: enabled
[    0.000000] Hierarchical RCU implementation.
[    0.000000] 	Build-time adjustment of leaf fanout to 64.
[    0.000000] 	RCU restricting CPUs from NR_CPUS=512 to nr_cpu_ids=2.
[    0.000000] RCU: Adjusting geometry for rcu_fanout_leaf=64, nr_cpu_ids=2
[    0.000000] NR_IRQS:33024 nr_irqs:440 16
[    0.000000] Console: colour VGA+ 80x25
[    0.000000] console [tty1] enabled
[    0.000000] console [ttyS0] enabled
[    0.000000] tsc: Detected 2294.688 MHz processor
[    0.435882] Calibrating delay loop (skipped) preset value.. 4589.37 BogoMIPS (lpj=9178752)
[    0.440070] pid_max: default: 32768 minimum: 301
[    0.442331] ACPI: Core revision 20150930
[    0.448953] ACPI: 2 ACPI AML tables successfully acquired and loaded
[    0.452106] Security Framework initialized
[    0.454174] Yama: becoming mindful.
[    0.456040] AppArmor: AppArmor initialized
[    0.458355] Dentry cache hash table entries: 131072 (order: 8, 1048576 bytes)
[    0.466487] Inode-cache hash table entries: 65536 (order: 7, 524288 bytes)
[    0.469983] Mount-cache hash table entries: 2048 (order: 2, 16384 bytes)
[    0.472857] Mountpoint-cache hash table entries: 2048 (order: 2, 16384 bytes)
[    0.476326] Initializing cgroup subsys io
[    0.478341] Initializing cgroup subsys memory
[    0.480563] Initializing cgroup subsys devices
[    0.482772] Initializing cgroup subsys freezer
[    0.484922] Initializing cgroup subsys net_cls
[    0.487142] Initializing cgroup subsys perf_event
[    0.489365] Initializing cgroup subsys net_prio
[    0.491623] Initializing cgroup subsys hugetlb
[    0.493765] Initializing cgroup subsys pids
[    0.497127] mce: CPU supports 0 MCE banks
[    0.499242] Last level iTLB entries: 4KB 64, 2MB 8, 4MB 8
[    0.501707] Last level dTLB entries: 4KB 64, 2MB 0, 4MB 0, 1GB 4
[    0.504407] Spectre V1 : Mitigation: usercopy/swapgs barriers and __user pointer sanitization
[    0.508552] Spectre V2 : Mitigation: Full generic retpoline
[    0.511070] Spectre V2 : Spectre v2 / SpectreRSB mitigation: Filling RSB on context switch
[    0.515101] Speculative Store Bypass: Vulnerable
[    0.517376] SRBDS: Unknown: Dependent on hypervisor status
[    0.520084] MDS: Mitigation: Clear CPU buffers
[    0.528902] Freeing SMP alternatives memory: 36K
[    0.545024] ftrace: allocating 32380 entries in 127 pages
[    0.684275] smpboot: APIC(0) Converting physical 0 to logical package 0
[    0.687381] smpboot: Max logical packages: 1
[    0.690234] x2apic enabled
[    0.692661] Switched APIC routing to physical x2apic.
[    0.698433] ..TIMER: vector=0x30 apic1=0 pin1=2 apic2=-1 pin2=-1
[    0.809373] smpboot: CPU0: Intel(R) Core(TM) i5-5300U CPU @ 2.30GHz (family: 0x6, model: 0x3d, stepping: 0x4)
[    0.821146] Performance Events: unsupported p6 CPU model 61 no PMU driver, software events only.
[    0.887307] KVM setup paravirtual spinlock
[    0.892001] x86: Booting SMP configuration:
[    0.905865] .... node  #0, CPUs:      #1
[    0.921823] kvm-clock: cpu 1, msr 0:3ffe3041, secondary cpu clock
[    0.925337] mce: CPU supports 0 MCE banks
[    0.940262] x86: Booted up 1 node, 2 CPUs
[    0.942992] smpboot: Total of 2 processors activated (9178.75 BogoMIPS)
[    0.946658] devtmpfs: initialized
[    0.962820] evm: security.selinux
[    0.964632] evm: security.SMACK64
[    0.966422] evm: security.SMACK64EXEC
[    0.968400] evm: security.SMACK64TRANSMUTE
[    0.970497] evm: security.SMACK64MMAP
[    0.972392] evm: security.ima
[    0.974106] evm: security.capability
[    0.976435] clocksource: jiffies: mask: 0xffffffff max_cycles: 0xffffffff, max_idle_ns: 7645041785100000 ns
[    0.981040] futex hash table entries: 512 (order: 3, 32768 bytes)
[    0.983961] pinctrl core: initialized pinctrl subsystem
[    0.986654] RTC time:  1:23:39, date: 08/24/21
[    0.989098] NET: Registered protocol family 16
[    1.002281] cpuidle: using governor ladder
[    1.014793] cpuidle: using governor menu
[    1.017027] PCCT header not found.
[    1.019107] ACPI: bus type PCI registered
[    1.025202] acpiphp: ACPI Hot Plug PCI Controller Driver version: 0.5
[    1.028374] PCI: Using configuration type 1 for base access
[    1.045206] ACPI: Added _OSI(Module Device)
[    1.047713] ACPI: Added _OSI(Processor Device)
[    1.064659] ACPI: Added _OSI(3.0 _SCP Extensions)
[    1.067651] ACPI: Added _OSI(Processor Aggregator Device)
[    1.073457] ACPI: Executed 1 blocks of module-level executable AML code
[    1.084284] ACPI: Interpreter enabled
[    1.087737] ACPI: (supports S0 S5)
[    1.090804] ACPI: Using IOAPIC for interrupt routing
[    1.095559] PCI: Using host bridge windows from ACPI; if necessary, use "pci=nocrs" and report a bug
[    1.115888] ACPI: PCI Root Bridge [PCI0] (domain 0000 [bus 00-ff])
[    1.118798] acpi PNP0A03:00: _OSC: OS supports [ASPM ClockPM Segments MSI]
[    1.122763] acpi PNP0A03:00: _OSC: not requesting OS control; OS requires [ExtendedConfig ASPM ClockPM MSI]
[    1.127369] acpi PNP0A03:00: fail to add MMCONFIG information, can't access extended PCI configuration space under this bridge.
[    1.133549] PCI host bridge to bus 0000:00
[    1.135798] pci_bus 0000:00: root bus resource [io  0x0000-0x0cf7 window]
[    1.138740] pci_bus 0000:00: root bus resource [io  0x0d00-0xffff window]
[    1.141735] pci_bus 0000:00: root bus resource [mem 0x000a0000-0x000bffff window]
[    1.145553] pci_bus 0000:00: root bus resource [mem 0x40000000-0xfdffffff window]
[    1.149410] pci_bus 0000:00: root bus resource [bus 00-ff]
[    1.159723] pci 0000:00:01.1: legacy IDE quirk: reg 0x10: [io  0x01f0-0x01f7]
[    1.162808] pci 0000:00:01.1: legacy IDE quirk: reg 0x14: [io  0x03f6]
[    1.165753] pci 0000:00:01.1: legacy IDE quirk: reg 0x18: [io  0x0170-0x0177]
[    1.201251] pci 0000:00:01.1: legacy IDE quirk: reg 0x1c: [io  0x0376]
[    1.228296] pci 0000:00:07.0: quirk: [io  0x4000-0x403f] claimed by PIIX4 ACPI
[    1.232157] pci 0000:00:07.0: quirk: [io  0x4100-0x410f] claimed by PIIX4 SMB
[    1.245178] ACPI: PCI Interrupt Link [LNKA] (IRQs 5 9 10 *11)
[    1.249341] ACPI: PCI Interrupt Link [LNKB] (IRQs 5 9 *10 11)
[    1.253143] ACPI: PCI Interrupt Link [LNKC] (IRQs 5 *9 10 11)
[    1.256943] ACPI: PCI Interrupt Link [LNKD] (IRQs 5 9 10 *11)
[    1.260660] ACPI: Enabled 2 GPEs in block 00 to 07
[    1.263598] vgaarb: setting as boot device: PCI:0000:00:02.0
[    1.266279] vgaarb: device added: PCI:0000:00:02.0,decodes=io+mem,owns=io+mem,locks=none
[    1.270526] vgaarb: loaded
[    1.272209] vgaarb: bridge control possible 0000:00:02.0
[    1.275300] SCSI subsystem initialized
[    1.277474] ACPI: bus type USB registered
[    1.279631] usbcore: registered new interface driver usbfs
[    1.282359] usbcore: registered new interface driver hub
[    1.284864] usbcore: registered new device driver usb
[    1.294005] PCI: Using ACPI for IRQ routing
[    1.296881] NetLabel: Initializing
[    1.298892] NetLabel:  domain hash size = 128
[    1.301053] NetLabel:  protocols = UNLABELED CIPSOv4
[    1.303593] NetLabel:  unlabeled traffic allowed by default
[    1.306813] amd_nb: Cannot enumerate AMD northbridges
[    1.309224] clocksource: Switched to clocksource kvm-clock
[    1.345418] AppArmor: AppArmor Filesystem Enabled
[    1.348592] pnp: PnP ACPI init
[    1.352842] pnp: PnP ACPI: found 3 devices
[    1.364945] clocksource: acpi_pm: mask: 0xffffff max_cycles: 0xffffff, max_idle_ns: 2085701024 ns
[    1.370710] NET: Registered protocol family 2
[    1.373856] TCP established hash table entries: 8192 (order: 4, 65536 bytes)
[    1.378003] TCP bind hash table entries: 8192 (order: 5, 131072 bytes)
[    1.381850] TCP: Hash tables configured (established 8192 bind 8192)
[    1.385682] UDP hash table entries: 512 (order: 2, 16384 bytes)
[    1.389191] UDP-Lite hash table entries: 512 (order: 2, 16384 bytes)
[    1.393187] NET: Registered protocol family 1
[    1.396355] pci 0000:00:00.0: Limiting direct PCI/PCI transfers
[    1.399740] pci 0000:00:01.0: Activating ISA DMA hang workarounds
[    1.406493] Unpacking initramfs...
[    2.132398] Freeing initrd memory: 14884K
[    2.134813] RAPL PMU detected, API unit is 2^-32 Joules, 4 fixed counters 10737418240 ms ovfl timer
[    2.139097] hw unit of domain pp0-core 2^-0 Joules
[    2.141559] hw unit of domain package 2^-0 Joules
[    2.143832] hw unit of domain dram 2^-0 Joules
[    2.146053] hw unit of domain pp1-gpu 2^-0 Joules
[    2.148356] clocksource: tsc: mask: 0xffffffffffffffff max_cycles: 0x21139aef754, max_idle_ns: 440795211890 ns
[    2.153275] platform rtc_cmos: registered platform RTC device (no PNP device found)
[    2.157347] Scanning for low memory corruption every 60 seconds
[    2.160531] audit: initializing netlink subsys (disabled)
[    2.163235] audit: type=2000 audit(1629768226.142:1): initialized
[    2.166638] Initialise system trusted keyring
[    2.169012] HugeTLB registered 2 MB page size, pre-allocated 0 pages
[    2.175892] zbud: loaded
[    2.178001] VFS: Disk quotas dquot_6.6.0
[    2.180083] VFS: Dquot-cache hash table entries: 512 (order 0, 4096 bytes)
[    2.183855] squashfs: version 4.0 (2009/01/31) Phillip Lougher
[    2.187275] fuse init (API version 7.23)
[    2.189625] Key type big_key registered
[    2.191624] Allocating IMA MOK and blacklist keyrings.
[    2.195844] Key type asymmetric registered
[    2.198042] Asymmetric key parser 'x509' registered
[    2.200417] Block layer SCSI generic (bsg) driver version 0.4 loaded (major 249)
[    2.204349] io scheduler noop registered
[    2.206432] io scheduler deadline registered (default)
[    2.208883] io scheduler cfq registered
[    2.211139] pci_hotplug: PCI Hot Plug PCI Core version: 0.5
[    2.213677] pciehp: PCI Express Hot Plug Controller Driver version: 0.4
[    2.216772] ACPI: AC Adapter [AC] (on-line)
[    2.219099] input: Power Button as /devices/LNXSYSTM:00/LNXPWRBN:00/input/input0
[    2.222851] ACPI: Power Button [PWRF]
[    2.234719] input: Sleep Button as /devices/LNXSYSTM:00/LNXSLPBN:00/input/input1
[    2.238504] ACPI: Sleep Button [SLPF]
[    2.240867] GHES: HEST is not enabled!
[    2.242776] ACPI: Battery Slot [BAT0] (battery present)
[    2.245592] Serial: 8250/16550 driver, 32 ports, IRQ sharing enabled
[    2.269770] 00:02: ttyS0 at I/O 0x3f8 (irq = 4, base_baud = 115200) is a 16550A
[    2.276903] Linux agpgart interface v0.103
[    2.281623] loop: module loaded
[    2.284578] scsi host0: ata_piix
[    2.286678] scsi host1: ata_piix
[    2.288533] ata1: PATA max UDMA/33 cmd 0x1f0 ctl 0x3f6 bmdma 0xd000 irq 14
[    2.291599] ata2: PATA max UDMA/33 cmd 0x170 ctl 0x376 bmdma 0xd008 irq 15
[    2.294777] libphy: Fixed MDIO Bus: probed
[    2.296943] tun: Universal TUN/TAP device driver, 1.6
[    2.299509] tun: (C) 1999-2004 Max Krasnyansky <maxk@qualcomm.com>
[    2.302473] PPP generic driver version 2.4.2
[    2.304716] ehci_hcd: USB 2.0 'Enhanced' Host Controller (EHCI) Driver
[    2.307598] ehci-pci: EHCI PCI platform driver
[    2.309806] ehci-platform: EHCI generic platform driver
[    2.312200] ohci_hcd: USB 1.1 'Open' Host Controller (OHCI) Driver
[    2.314981] ohci-pci: OHCI PCI platform driver
[    2.317137] ohci-platform: OHCI generic platform driver
[    2.319628] uhci_hcd: USB Universal Host Controller Interface driver
[    2.322513] i8042: PNP: PS/2 Controller [PNP0303:PS2K,PNP0f03:PS2M] at 0x60,0x64 irq 1,12
[    2.327482] serio: i8042 KBD port at 0x60,0x64 irq 1
[    2.329862] serio: i8042 AUX port at 0x60,0x64 irq 12
[    2.332644] mousedev: PS/2 mouse device common for all mice
[    2.336020] input: AT Translated Set 2 keyboard as /devices/platform/i8042/serio0/input/input2
[    2.341053] rtc_cmos rtc_cmos: rtc core: registered rtc_cmos as rtc0
[    2.344035] rtc_cmos rtc_cmos: alarms up to one day, 114 bytes nvram
[    2.346863] i2c /dev entries driver
[    2.348855] device-mapper: uevent: version 1.0.3
[    2.351319] device-mapper: ioctl: 4.34.0-ioctl (2015-10-28) initialised: dm-devel@redhat.com
[    2.355501] ledtrig-cpu: registered to indicate activity on CPUs
[    2.359355] NET: Registered protocol family 10
[    2.370089] NET: Registered protocol family 17
[    2.372389] Key type dns_resolver registered
[    2.375414] registered taskstats version 1
[    2.377580] Loading compiled-in X.509 certificates
[    2.381073] Loaded X.509 cert 'Build time autogenerated kernel key: cf00e047681d67edb2720680708b7d9498083038'
[    2.385740] zswap: loaded using pool lzo/zbud
[    2.391427] Key type trusted registered
[    2.398023] Key type encrypted registered
[    2.400076] AppArmor: AppArmor sha1 policy hashing enabled
[    2.402665] ima: No TPM chip found, activating TPM-bypass!
[    2.405218] ima: Allocated hash algorithm: sha1
[    2.407511] evm: HMAC attrs: 0x1
[    2.409825]   Magic number: 1:741:357
[    2.411908] rtc_cmos rtc_cmos: setting system clock to 2021-08-24 01:23:40 UTC (1629768220)
[    2.416176] BIOS EDD facility v0.16 2004-Jun-25, 0 devices found
[    2.418893] EDD information not available.
[    2.495171] Freeing unused kernel memory: 1492K
[    2.498140] Write protecting the kernel read-only data: 14336k
[    2.502788] Freeing unused kernel memory: 1584K
[    2.506087] Freeing unused kernel memory: 52K
Loading, please wait...
starting version 229
[    2.536916] random: systemd-udevd: uninitialized urandom read (16 bytes read, 5 bits of entropy available)
[    2.539023] random: udevadm: uninitialized urandom read (16 bytes read, 5 bits of entropy available)
[    2.539067] random: udevadm: uninitialized urandom read (16 bytes read, 5 bits of entropy available)
[    2.559098] random: systemd-udevd: uninitialized urandom read (16 bytes read, 5 bits of entropy available)
[    2.565573] random: systemd-udevd: uninitialized urandom read (16 bytes read, 5 bits of entropy available)
[    2.567033] random: udevadm: uninitialized urandom read (16 bytes read, 5 bits of entropy available)
[    2.567162] random: udevadm: uninitialized urandom read (16 bytes read, 5 bits of entropy available)
[    2.567584] random: udevadm: uninitialized urandom read (16 bytes read, 5 bits of entropy available)
[    2.567767] random: udevadm: uninitialized urandom read (16 bytes read, 5 bits of entropy available)
[    2.567926] random: udevadm: uninitialized urandom read (16 bytes read, 5 bits of entropy available)
[    2.690059] e1000: Intel(R) PRO/1000 Network Driver - version 7.3.21-k8-NAPI
[    2.694298] e1000: Copyright (c) 1999-2006 Intel Corporation.
[    2.708497] Fusion MPT base driver 3.04.20
[    2.711285] Copyright (c) 1999-2008 LSI Corporation
[    2.726992] Fusion MPT SPI Host driver 3.04.20
[    2.778172] AVX2 version of gcm_enc/dec engaged.
[    2.781254] AES CTR mode by8 optimization enabled
[    2.930760] input: ImExPS/2 Generic Explorer Mouse as /devices/platform/i8042/serio1/input/input4
[    3.193029] e1000 0000:00:03.0 eth0: (PCI:33MHz:32-bit) 02:ed:98:3c:8e:82
[    3.196065] e1000 0000:00:03.0 eth0: Intel(R) PRO/1000 Network Connection
[    3.202066] e1000 0000:00:03.0 enp0s3: renamed from eth0
[    3.204932] mptbase: ioc0: Initiating bringup
[    3.271930] ioc0: LSI53C1030 A0: Capabilities={Initiator}
[    3.454515] scsi host2: ioc0: LSI53C1030 A0, FwRev=00000000h, Ports=1, MaxQ=256, IRQ=20
[    3.582894] scsi 2:0:0:0: Direct-Access     VBOX     HARDDISK         1.0  PQ: 0 ANSI: 5
[    3.598157] scsi target2:0:0: Beginning Domain Validation
[    3.617310] scsi target2:0:0: Domain Validation skipping write tests
[    3.625065] scsi target2:0:0: Ending Domain Validation
[    3.676205] scsi target2:0:0: asynchronous
[    3.679646] scsi 2:0:1:0: Direct-Access     VBOX     HARDDISK         1.0  PQ: 0 ANSI: 5
[    3.684496] scsi target2:0:1: Beginning Domain Validation
[    3.689113] scsi target2:0:1: Domain Validation skipping write tests
[    3.693060] scsi target2:0:1: Ending Domain Validation
[    3.696836] scsi target2:0:1: asynchronous
[    3.708042] sd 2:0:0:0: Attached scsi generic sg0 type 0
[    3.711432] sd 2:0:0:0: [sda] 83886080 512-byte logical blocks: (42.9 GB/40.0 GiB)
[    3.717601] sd 2:0:1:0: [sdb] 20480 512-byte logical blocks: (10.5 MB/10.0 MiB)
[    3.722742] sd 2:0:0:0: [sda] Write Protect is off
[    3.722864] sd 2:0:1:0: Attached scsi generic sg1 type 0
[    3.729151] sd 2:0:1:0: [sdb] Write Protect is off
[    3.732257] sd 2:0:0:0: [sda] Incomplete mode parameter data
[    3.735770] sd 2:0:0:0: [sda] Assuming drive cache: write through
[    3.739508] sd 2:0:1:0: [sdb] Incomplete mode parameter data
[    3.743045] sd 2:0:1:0: [sdb] Assuming drive cache: write through
[    3.744582]  sda: sda1
[    3.745901] sd 2:0:0:0: [sda] Attached SCSI disk
[    3.755008] sd 2:0:1:0: [sdb] Attached SCSI disk
Begin: Loading essential drivers ... [    5.832373] md: linear personality registered for level -1
[    5.838938] md: multipath personality registered for level -4
[    5.845615] md: raid0 personality registered for level 0
[    5.854255] md: raid1 personality registered for level 1
[    5.929299] raid6: sse2x1   gen()  2182 MB/s
[    5.997330] raid6: sse2x1   xor()  1224 MB/s
[    6.065300] raid6: sse2x2   gen()  3679 MB/s
[    6.133282] raid6: sse2x2   xor()  2698 MB/s
[    6.201302] raid6: sse2x4   gen()  5817 MB/s
[    6.269299] raid6: sse2x4   xor()  3636 MB/s
[    6.337284] raid6: avx2x1   gen()  4979 MB/s
[    6.405299] raid6: avx2x2   gen()  7747 MB/s
[    6.473299] raid6: avx2x4   gen() 12106 MB/s
[    6.475460] raid6: using algorithm avx2x4 gen() 12106 MB/s
[    6.478069] raid6: using avx2x2 recovery algorithm
[    6.482839] xor: automatically using best checksumming function:
[    6.521303]    avx       : 13693.000 MB/sec
[    6.525106] async_tx: api initialized (async)
[    6.544088] md: raid6 personality registered for level 6
[    6.547205] md: raid5 personality registered for level 5
[    6.549713] md: raid4 personality registered for level 4
[    6.563362] md: raid10 personality registered for level 10
done.
Begin: Running /scripts/init-premount ... done.
Begin: Mounting root file system ... Begin: Running /scripts/local-top ... done.
Begin: Running /scripts/local-premount ... [    6.634339] Btrfs loaded
Scanning for Btrfs filesystems
done.
Warning: fsck not present, so skipping root file system
[    6.675723] EXT4-fs (sda1): INFO: recovery required on readonly filesystem
[    6.679007] EXT4-fs (sda1): write access will be enabled during recovery
[    6.801403] EXT4-fs (sda1): recovery complete
[    6.803799] EXT4-fs (sda1): mounted filesystem with ordered data mode. Opts: (null)
done.
Begin: Running /scripts/local-bottom ... done.
Begin: Running /scripts/init-bottom ... done.
[    6.986004] systemd[1]: systemd 229 running in system mode. (+PAM +AUDIT +SELINUX +IMA +APPARMOR +SMACK +SYSVINIT +UTMP +LIBCRYPTSETUP +GCRYPT +GNUTLS +ACL +XZ -LZ4 +SECCOMP +BLKID +ELFUTILS +KMOD -IDN)
[    6.994068] systemd[1]: Detected virtualization oracle.
[    6.996508] systemd[1]: Detected architecture x86-64.

Welcome to [1mUbuntu 16.04.7 LTS[0m!

[    7.003928] systemd[1]: Set hostname to <ubuntu-xenial>.
[    7.246967] random: nonblocking pool is initialized
[    7.251094] systemd[1]: Listening on udev Kernel Socket.
[[0;32m  OK  [0m] Listening on udev Kernel Socket.
[    7.255576] systemd[1]: Listening on Syslog Socket.
[[0;32m  OK  [0m] Listening on Syslog Socket.
[    7.259760] systemd[1]: Reached target System Time Synchronized.
[[0;32m  OK  [0m] Reached target System Time Synchronized.
[    7.264696] systemd[1]: Listening on Journal Audit Socket.
[[0;32m  OK  [0m] Listening on Journal Audit Socket.
[    7.269172] systemd[1]: Listening on fsck to fsckd communication Socket.
[[0;32m  OK  [0m] Listening on fsck to fsckd communication Socket.
[    7.273987] systemd[1]: Reached target User and Group Name Lookups.
[[0;32m  OK  [0m] Reached target User and Group Name Lookups.
[    7.278731] systemd[1]: Listening on Journal Socket.
[[0;32m  OK  [0m] Listening on Journal Socket.
[    7.283372] systemd[1]: Listening on Device-mapper event daemon FIFOs.
[[0;32m  OK  [0m] Listening on Device-mapper event daemon FIFOs.
[    7.288357] systemd[1]: Listening on LVM2 metadata daemon socket.
[[0;32m  OK  [0m] Listening on LVM2 metadata daemon socket.
[    7.293111] systemd[1]: Listening on /dev/initctl Compatibility Named Pipe.
[[0;32m  OK  [0m] Listening on /dev/initctl Compatibility Named Pipe.
[    7.298994] systemd[1]: Created slice User and Session Slice.
[[0;32m  OK  [0m] Created slice User and Session Slice.
[    7.304127] systemd[1]: Created slice System Slice.
[[0;32m  OK  [0m] Created slice System Slice.
[    7.308807] systemd[1]: Created slice system-postgresql.slice.
[[0;32m  OK  [0m] Created slice system-postgresql.slice.
[    7.326177] systemd[1]: Starting File System Check on Root Device...
         Starting File System Check on Root Device...
[    7.333621] systemd[1]: Starting Uncomplicated firewall...
         Starting Uncomplicated firewall...
[    7.341612] systemd[1]: Starting Nameserver information manager...
         Starting Nameserver information manager...
[    7.350318] systemd[1]: Mounting Huge Pages File System...
         Mounting Huge Pages File System...
[    7.355808] systemd[1]: Reached target Swap.
[[0;32m  OK  [0m] Reached target Swap.
[    7.377176] systemd[1]: Starting Load Kernel Modules...
         Starting Load Kernel Modules...
[    7.384836] systemd[1]: Starting Monitoring of LVM2 mirrors, snapshots etc. using dmeventd or progress polling...
         Starting Monitoring of LVM2 mirrors... dmeventd or progress polling...
[    7.395058] systemd[1]: Mounting Debug File System...
         Mounting Debug File System...
[    7.401110] systemd[1]: Listening on Journal Socket (/dev/log).
[[0;32m  OK  [0m] Listening on Journal Socket (/dev/log).
[    7.407163] systemd[1]: Started Forward Password Requests to Wall Directory Watch.
[[0;32m  OK  [0m] Started Forward Password Requests to Wall Directory Watch.
[    7.415995] systemd[1]: Reached target Slices.

    7.419349] Loading iSCSI transport class v2.0-870.
[[0;32m  OK  [0m] Reached target Slices.
[    7.439618] systemd[1]: Set up automount Arbitrary Executable File Formats File System Automount Point.
[[0;32m  OK  [0m] Set up automount Arbitrary Executab...ats File System Automount Point.
[    7.452080] systemd[1]: Reached target Encrypted Volumes.
[    7.455642] iscsi: registered transport (tcp)
[[0;32m  OK  [0m] Reached target Encrypted Volumes.
[    7.460402] systemd[1]: Listening on LVM2 poll daemon socket.
[[0;32m  OK  [0m] Listening on LVM2 poll daemon socket.
[    7.481579] systemd[1]: Starting Journal Service...
         Starting Journal Service...
[    7.486834] systemd[1]: Listening on udev Control Socket.
[[0;32m  OK  [0m] Listening on udev Control Socket.
[    7.494506] systemd[1]: Created slice system-serial\x2dgetty.slice.
[[0;32m  OK  [0m] Created slice system-serial\x2dgetty.slice.
[    7.502097] systemd[1]: Started Trigger resolvconf update for networkd DNS.
[[0;32m  OK  [0m] Started Trigger resolvconf update for networkd DNS.
[    7.537479] systemd[1]: Starting Create list of required static device nodes for the current kernel...
         Starting Create list of required st... nodes for the current kernel...
[    7.548868] systemd[1]: Mounting POSIX Message Queue File System...
         Mounting POSIX Message Queue File System...
[    7.556478] systemd[1]: Starting Set console keymap...
[    7.557640] iscsi: registered transport (iser)
         Starting Set console keymap...
[    7.571128] systemd[1]: Mounted POSIX Message Queue File System.
[[0;32m  OK  [0m] Mounted POSIX Message Queue File System.
[    7.580888] systemd[1]: Mounted Debug File System.
[[0;32m  OK  [0m] Mounted Debug File System.
[    7.588471] systemd[1]: Mounted Huge Pages File System.
[[0;32m  OK  [0m] Mounted Huge Pages File System.
[    7.594432] systemd[1]: Started Journal Service.
[[0;32m  OK  [0m] Started Journal Service.
[[0;32m  OK  [0m] Started File System Check on Root Device.
[[0;32m  OK  [0m] Started Uncomplicated firewall.
[[0;32m  OK  [0m] Started Load Kernel Modules.
[[0;32m  OK  [0m] Started Create list of required sta...ce nodes for the current kernel.
[[0;32m  OK  [0m] Started Nameserver information manager.
[[0;32m  OK  [0m] Started File System Check Daemon to report status.
[[0;32m  OK  [0m] Started LVM2 metadata daemon.
         Starting Create Static Device Nodes in /dev...
         Starting Apply Kernel Variables...
         Mounting FUSE Control File System...
         Starting Remount Root and Kernel File Systems...
[[0;32m  OK  [0m] Mounted FUSE Control File System.
[    7.752241] EXT4-fs (sda1): re-mounted. Opts: (null)
[[0;32m  OK  [0m] Started Apply Kernel Variables.
[[0;32m  OK  [0m] Started Create Static Device Nodes in /dev.
         Starting udev Kernel Device Manager...
[[0;32m  OK  [0m] Started Set console keymap.
[[0;32m  OK  [0m] Started Remount Root and Kernel File Systems.
         Starting udev Coldplug all Devices...
         Starting Load/Save Random Seed...
         Starting Flush Journal to Persistent Storage...
[[0;32m  OK  [0m] Started udev Kernel Device Manager.
[[0;32m  OK  [0m] Started Load/Save Random Seed.
[[0;32m  OK  [0m] Started Flush Journal to Persistent Storage.
[[0;32m  OK  [0m] Started udev Coldplug all Devices.
[[0;32m  OK  [0m] Started Dispatch Password Requests to Console Directory Watch.
[[0;32m  OK  [0m] Started Monitoring of LVM2 mirrors,...ng dmeventd or progress polling.
[[0;32m  OK  [0m] Reached target Local File Systems (Pre).
[[0;32m  OK  [0m] Reached target Local File Systems.
         Starting Set console font and keymap...
         Starting Tell Plymouth To Write Out Runtime Data...
         Starting Create Volatile Files and Directories...
         Starting Initial cloud-init job (pre-networking)...
         Starting LSB: AppArmor initialization...
[[0;32m  OK  [0m] Started Tell Plymouth To Write Out Runtime Data.
[[0;32m  OK  [0m] Started Create Volatile Files and Directories.
         Starting Update UTMP about System Boot/Shutdown...
[[0;32m  OK  [0m] Started Update UTMP about System Boot/Shutdown.
[[0;32m  OK  [0m] Started LSB: AppArmor initialization.
         Starting Load AppArmor profiles managed internally by snapd...
[[0;32m  OK  [0m] Started Load AppArmor profiles managed internally by snapd.
[[0;32m  OK  [0m] Found device /dev/ttyS0.
[[0;32m  OK  [0m] Listening on Load/Save RF Kill Switch Status /dev/rfkill Watch.
[[0;32m  OK  [0m] Found device 82540EM Gigabit Ethern...r (PRO/1000 MT Desktop Adapter).
[   10.634250] cloud-init[500]: Cloud-init v. 21.1-19-gbad84ad4-0ubuntu1~16.04.2 running 'init-local' at Tue, 24 Aug 2021 01:23:48 +0000. Up 10.01 seconds.
[[0;32m  OK  [0m] Started Initial cloud-init job (pre-networking).
[[0;32m  OK  [0m] Reached target Network (Pre).
[[0;32m  OK  [0m] Started ifup for enp0s3.
         Starting Raise network interfaces...
[[0;32m  OK  [0m] Started Set console font and keymap.
[[0;32m  OK  [0m] Created slice system-getty.slice.
[[0;32m  OK  [0m] Started Raise network interfaces.
[[0;32m  OK  [0m] Reached target Network.
         Starting Initial cloud-init job (metadata service crawler)...
[   13.110442] cloud-init[980]: Cloud-init v. 21.1-19-gbad84ad4-0ubuntu1~16.04.2 running 'init' at Tue, 24 Aug 2021 01:23:51 +0000. Up 12.56 seconds.
[   13.120756] cloud-init[980]: ci-info: ++++++++++++++++++++++++++++++++++++++Net device info++++++++++++++++++++++++++++++++++++++
[   13.124145] cloud-init[980]: ci-info: +--------+------+----------------------------+---------------+--------+-------------------+
[   13.127446] cloud-init[980]: ci-info: | Device |  Up  |          Address           |      Mask     | Scope  |     Hw-Address    |
[   13.131782] cloud-init[980]: ci-info: +--------+------+----------------------------+---------------+--------+-------------------+
[   13.136173] cloud-init[980]: ci-info: | enp0s3 | True |         10.0.2.15          | 255.255.255.0 | global | 02:ed:98:3c:8e:82 |
[   13.140864] cloud-init[980]: ci-info: | enp0s3 | True | fe80::ed:98ff:fe3c:8e82/64 |       .       |  link  | 02:ed:98:3c:8e:82 |
[   13.145138] cloud-init[980]: ci-info: |   lo   | True |         127.0.0.1          |   255.0.0.0   |  host  |         .         |
[   13.156748] cloud-init[980]: ci-info: |   lo   | True |          ::1/128           |       .       |  host  |         .         |
[   13.159956] cloud-init[980]: ci-info: +--------+------+----------------------------+---------------+--------+-------------------+
[   13.163449] cloud-init[980]: ci-info: +++++++++++++++++++++++++++Route IPv4 info++++++++++++++++++++++++++++
[   13.166556] cloud-init[980]: ci-info: +-------+-------------+----------+---------------+-----------+-------+
[   13.169602] cloud-init[980]: ci-info: | Route | Destination | Gateway  |    Genmask    | Interface | Flags |
[   13.176571] cloud-init[980]: ci-info: +-------+-------------+----------+---------------+-----------+-------+
[   13.184696] cloud-init[980]: ci-info: |   0   |   0.0.0.0   | 10.0.2.2 |    0.0.0.0    |   enp0s3  |   UG  |
[   13.192682] cloud-init[980]: ci-info: |   1   |   10.0.2.0  | 0.0.0.0  | 255.255.255.0 |   enp0s3  |   U   |
[   13.196247] cloud-init[980]: ci-info: +-------+-------------+----------+---------------+-----------+-------+
[   13.199936] cloud-init[980]: ci-info: +++++++++++++++++++Route IPv6 info+++++++++++++++++++
[   13.203034] cloud-init[980]: ci-info: +-------+-------------+---------+-----------+-------+
[   13.205921] cloud-init[980]: ci-info: | Route | Destination | Gateway | Interface | Flags |
[   13.209053] cloud-init[980]: ci-info: +-------+-------------+---------+-----------+-------+
[   13.212424] cloud-init[980]: ci-info: |   0   |  fe80::/64  |    ::   |   enp0s3  |   U   |
[   13.215356] cloud-init[980]: ci-info: |   4   |   ff00::/8  |    ::   |   enp0s3  |   U   |
[   13.218532] cloud-init[980]: ci-info: +-------+-------------+---------+-----------+-------+
[[0;32m  OK  [0m] Started Initial cloud-init job (metadata service crawler).
[[0;32m  OK  [0m] Reached target Cloud-config availability.
[[0;32m  OK  [0m] Reached target System Initialization.
[[0;32m  OK  [0m] Listening on D-Bus System Message Bus Socket.
[[0;32m  OK  [0m] Listening on ACPID Listen Socket.
         Starting Socket activation for snappy daemon.
[[0;32m  OK  [0m] Started Daily Cleanup of Temporary Directories.
[[0;32m  OK  [0m] Started Daily apt download activities.
[[0;32m  OK  [0m] Started Daily apt upgrade and clean activities.
         Starting LXD - unix socket.
[[0;32m  OK  [0m] Started Message of the Day.
[[0;32m  OK  [0m] Started Ubuntu Advantage update messaging.
[[0;32m  OK  [0m] Started ACPI Events Check.
[[0;32m  OK  [0m] Reached target Paths.
[[0;32m  OK  [0m] Reached target Timers.
[[0;32m  OK  [0m] Listening on UUID daemon activation socket.
[[0;32m  OK  [0m] Reached target Network is Online.
         Starting iSCSI initiator daemon (iscsid)...
[[0;32m  OK  [0m] Listening on Socket activation for snappy daemon.
[[0;32m  OK  [0m] Listening on LXD - unix socket.
[[0;32m  OK  [0m] Reached target Sockets.
[[0;32m  OK  [0m] Reached target Basic System.
[[0;32m  OK  [0m] Started FUSE filesystem for LXC.
         Starting Login Service...
         Starting LSB: Record successful boot for GRUB...
[[0;32m  OK  [0m] Started Deferred execution scheduler.
         Starting PostgreSQL Cluster 9.5-main...
[[0;32m  OK  [0m] Started ACPI event daemon.
         Starting Virtualbox guest utils...
         Starting Accounts Service...
         Starting LXD - container startup/shutdown...
[[0;32m  OK  [0m] Started D-Bus System Message Bus.
         Starting OpenBSD Secure Shell server...
         Starting LSB: MD monitoring daemon...
         Starting /etc/rc.local Compatibility...
         Starting Message of the Day...
         Starting System Logging Service...
[[0;32m  OK  [0m] Started Regular background program processing daemon.
         Starting Snap Daemon...
[[0;32m  OK  [0m] Started /etc/rc.local Compatibility.
[[0;32m  OK  [0m] Started Message of the Day.
[[0;32m  OK  [0m] Started iSCSI initiator daemon (iscsid).
[[0;32m  OK  [0m] Started Login Service.
[[0;32m  OK  [0m] Started Unattended Upgrades Shutdown.
         Starting Login to default iSCSI targets...
[[0;32m  OK  [0m] Started System Logging Service.
         Starting Authenticate and Authorize Users to Run Privileged Tasks...
[[0;32m  OK  [0m] Started LSB: Record successful boot for GRUB.
[[0;32m  OK  [0m] Started Login to default iSCSI targets.
[[0;32m  OK  [0m] Started Authenticate and Authorize Users to Run Privileged Tasks.
[[0;32m  OK  [0m] Started OpenBSD Secure Shell server.
[[0;32m  OK  [0m] Started LSB: MD monitoring daemon.
[[0;32m  OK  [0m] Started Accounts Service.
[[0;32m  OK  [0m] Reached target Remote File Systems (Pre).
         Mounting /vagrant...
         Mounting /home/vagrant/workspace...
[[0;32m  OK  [0m] Started LXD - container startup/shutdown.
[[0;1;31mFAILED[0m] Failed to mount /home/vagrant/workspace.
See 'systemctl status home-vagrant-workspace.mount' for details.
[[0;1;33mDEPEND[0m] Dependency failed for Remote File Systems.
[[0;1;31mFAILED[0m] Failed to mount /vagrant.
See 'systemctl status vagrant.mount' for details.
         Starting LSB: daemon to balance interrupts for SMP systems...
         Starting LSB: Set the CPU Frequency Scaling governor to "ondemand"...
         Starting LSB: Start/stop sysstat's sadc...
         Starting LSB: automatic crash report generation...
         Starting Permit User Sessions...
[[0;32m  OK  [0m] Started Permit User Sessions.
         Starting Terminate Plymouth Boot Screen...
         Starting Hold until boot process finishes up...
[[0;32m  OK  [0m] Started Hold until boot process finishes up.
[[0;32m  OK  [0m] Started Terminate Plymouth Boot Screen.
[[0;32m  OK  [0m] Started LSB: Set the CPU Frequency Scaling governor to "ondemand".
         Starting Set console scheme...
[[0;32m  OK  [0m] Started Serial Getty on ttyS0.
[[0;32m  OK  [0m] Started Getty on tty1.
[[0;32m  OK  [0m] Reached target Login Prompts.
[[0;32m  OK  [0m] Started Set console scheme.
[[0;32m  OK  [0m] Started LSB: Start/stop sysstat's sadc.
[[0;32m  OK  [0m] Started Virtualbox guest utils.
[[0;32m  OK  [0m] Started LSB: automatic crash report generation.
[[0;32m  OK  [0m] Started LSB: daemon to balance interrupts for SMP systems.
[[0;32m  OK  [0m] Started Snap Daemon.
         Starting Wait until snapd is fully seeded...
[[0;32m  OK  [0m] Started Wait until snapd is fully seeded.
         Starting Apply the settings specified in cloud-config...
[[0;32m  OK  [0m] Created slice User Slice of vagrant.
[[0;32m  OK  [0m] Started Session 1 of user vagrant.
         Starting User Manager for UID 1000...
[[0;32m  OK  [0m] Started User Manager for UID 1000.
[   18.008347] cloud-init[1271]: Cloud-init v. 21.1-19-gbad84ad4-0ubuntu1~16.04.2 running 'modules:config' at Tue, 24 Aug 2021 01:23:56 +0000. Up 17.71 seconds.
[[0;32m  OK  [0m] Started Apply the settings specified in cloud-config.
[[0;32m  OK  [0m] Started PostgreSQL Cluster 9.5-main.
         Starting PostgreSQL RDBMS...
[[0;32m  OK  [0m] Started PostgreSQL RDBMS.
[[0;32m  OK  [0m] Reached target Multi-User System.
[[0;32m  OK  [0m] Reached target Graphical Interface.
         Starting Update UTMP about System Runlevel Changes...
         Starting Execute cloud user/final scripts...
[[0;32m  OK  [0m] Started Update UTMP about System Runlevel Changes.
[   20.558987] cloud-init[1392]: Cloud-init v. 21.1-19-gbad84ad4-0ubuntu1~16.04.2 running 'modules:final' at Tue, 24 Aug 2021 01:23:58 +0000. Up 20.15 seconds.
[   20.568449] cloud-init[1392]: Cloud-init v. 21.1-19-gbad84ad4-0ubuntu1~16.04.2 finished at Tue, 24 Aug 2021 01:23:59 +0000. Datasource DataSourceNoCloud [seed=/dev/sdb][dsmode=net].  Up 20.54 seconds

Ubuntu 16.04.7 LTS ubuntu-xenial ttyS0

ubuntu-xenial login: 